<?xml version="1.0" encoding="UTF-8"?>
<!-- Generated by org.testng.reporters.JUnitReportReporter -->
<testsuite hostname="AS-40" failures="0" tests="9" name="automation.testcases.RegisterTest" time="0.855" errors="0" timestamp="2023-05-11T20:11:39 AST" skipped="0">
  <testcase classname="automation.testcases.RegisterTest" name="validateTextisDisplayed" time="0.063"/>
  <system-out/>
  <testcase classname="automation.testcases.RegisterTest" name="selectTitle" time="0.128"/>
  <system-out/>
  <testcase classname="automation.testcases.RegisterTest" name="insertpassword" time="0.099"/>
  <system-out/>
  <testcase classname="automation.testcases.RegisterTest" name="selectDay" time="0.068"/>
  <system-out/>
  <testcase classname="automation.testcases.RegisterTest" name="selectMonth" time="0.083"/>
  <system-out/>
  <testcase classname="automation.testcases.RegisterTest" name="selectYear" time="0.103"/>
  <system-out/>
  <testcase classname="automation.testcases.RegisterTest" name="checkNewsletter" time="0.154"/>
  <system-out/>
  <testcase classname="automation.testcases.RegisterTest" name="checkOptin" time="0.145"/>
  <system-out/>
  <testcase classname="automation.testcases.RegisterTest" name="scrollAction" time="0.012"/>
  <system-out/>
</testsuite> <!-- automation.testcases.RegisterTest -->
