<?xml version="1.0" encoding="UTF-8"?>
<!-- Generated by org.testng.reporters.JUnitReportReporter -->
<testsuite hostname="AS-40" failures="0" tests="11" name="automation.testcases.AddressDetailsTest" time="3.878" errors="0" timestamp="2023-05-10T22:03:45 AST" skipped="0">
  <testcase classname="automation.testcases.AddressDetailsTest" name="insertFirstname" time="0.099"/>
  <system-out/>
  <testcase classname="automation.testcases.AddressDetailsTest" name="insertLastname" time="0.094"/>
  <system-out/>
  <testcase classname="automation.testcases.AddressDetailsTest" name="insertCompany" time="0.114"/>
  <system-out/>
  <testcase classname="automation.testcases.AddressDetailsTest" name="insertprimaryAddress" time="0.103"/>
  <system-out/>
  <testcase classname="automation.testcases.AddressDetailsTest" name="insertSecondaryAddress" time="0.124"/>
  <system-out/>
  <testcase classname="automation.testcases.AddressDetailsTest" name="insertCounrty" time="0.051"/>
  <system-out/>
  <testcase classname="automation.testcases.AddressDetailsTest" name="insertState" time="0.107"/>
  <system-out/>
  <testcase classname="automation.testcases.AddressDetailsTest" name="insertCity" time="0.114"/>
  <system-out/>
  <testcase classname="automation.testcases.AddressDetailsTest" name="insertZipcode" time="0.115"/>
  <system-out/>
  <testcase classname="automation.testcases.AddressDetailsTest" name="insertMobile_Number" time="0.102"/>
  <system-out/>
  <testcase classname="automation.testcases.AddressDetailsTest" name="CreateAccount" time="2.855"/>
  <system-out/>
</testsuite> <!-- automation.testcases.AddressDetailsTest -->
