<?xml version="1.0" encoding="UTF-8"?>
<!-- Generated by org.testng.reporters.JUnitReportReporter -->
<testsuite hostname="AS-40" failures="0" tests="2" name="automation.testcases.ConfirmCreateadaccountTest" time="16.209" errors="0" timestamp="2023-05-11T14:31:02 AST" skipped="0">
  <testcase classname="automation.testcases.ConfirmCreateadaccountTest" name="VerifyTextisvisable" time="0.060"/>
  <system-out/>
  <testcase classname="automation.testcases.ConfirmCreateadaccountTest" name="Contiune" time="16.149"/>
  <system-out/>
</testsuite> <!-- automation.testcases.ConfirmCreateadaccountTest -->
