<?xml version="1.0" encoding="UTF-8"?>
<!-- Generated by org.testng.reporters.JUnitReportReporter -->
<testsuite hostname="AS-40" failures="0" tests="2" name="automation.testcases.ConfirmCreateadaccountTest" time="0.198" errors="0" timestamp="2023-05-10T22:03:45 AST" skipped="0">
  <testcase classname="automation.testcases.ConfirmCreateadaccountTest" name="VerifyTextisvisable" time="0.064"/>
  <system-out/>
  <testcase classname="automation.testcases.ConfirmCreateadaccountTest" name="Contiune" time="0.134"/>
  <system-out/>
</testsuite> <!-- automation.testcases.ConfirmCreateadaccountTest -->
