<?xml version="1.0" encoding="UTF-8"?>
<!-- Generated by org.testng.reporters.JUnitReportReporter -->
<testsuite hostname="AS-40" failures="0" tests="2" name="automation.testcases.HomePageTest" time="6.257" errors="0" timestamp="2023-05-11T14:31:02 AST" skipped="0">
  <testcase classname="automation.testcases.HomePageTest" name="setup" time="5.136"/>
  <system-out/>
  <testcase classname="automation.testcases.HomePageTest" name="clickSignup" time="1.121"/>
  <system-out/>
</testsuite> <!-- automation.testcases.HomePageTest -->
