<?xml version="1.0" encoding="UTF-8"?>
<!-- Generated by org.testng.reporters.JUnitReportReporter -->
<testsuite hostname="AS-40" failures="0" tests="4" name="automation.testcases.SignupPageTest" time="2.603" errors="0" timestamp="2023-05-11T14:31:02 AST" skipped="0">
  <testcase classname="automation.testcases.SignupPageTest" name="CreateRandomData" time="0.501"/>
  <system-out/>
  <testcase classname="automation.testcases.SignupPageTest" name="addname" time="0.104"/>
  <system-out/>
  <testcase classname="automation.testcases.SignupPageTest" name="addEmail" time="0.099"/>
  <system-out/>
  <testcase classname="automation.testcases.SignupPageTest" name="Click_signup_Button" time="1.899"/>
  <system-out/>
</testsuite> <!-- automation.testcases.SignupPageTest -->
