<?xml version="1.0" encoding="UTF-8"?>
<!-- Generated by org.testng.reporters.JUnitReportReporter -->
<testsuite hostname="AS-40" failures="0" tests="9" name="automation.testcases.RegisterTest" time="0.961" errors="0" timestamp="2023-05-10T22:03:45 AST" skipped="0">
  <testcase classname="automation.testcases.RegisterTest" name="validateTextisDisplayed" time="0.072"/>
  <system-out/>
  <testcase classname="automation.testcases.RegisterTest" name="selectTitle" time="0.154"/>
  <system-out/>
  <testcase classname="automation.testcases.RegisterTest" name="insertpassword" time="0.108"/>
  <system-out/>
  <testcase classname="automation.testcases.RegisterTest" name="selectDay" time="0.079"/>
  <system-out/>
  <testcase classname="automation.testcases.RegisterTest" name="selectMonth" time="0.097"/>
  <system-out/>
  <testcase classname="automation.testcases.RegisterTest" name="selectYear" time="0.120"/>
  <system-out/>
  <testcase classname="automation.testcases.RegisterTest" name="checkNewsletter" time="0.167"/>
  <system-out/>
  <testcase classname="automation.testcases.RegisterTest" name="checkOptin" time="0.149"/>
  <system-out/>
  <testcase classname="automation.testcases.RegisterTest" name="scrollAction" time="0.015"/>
  <system-out/>
</testsuite> <!-- automation.testcases.RegisterTest -->
