<?xml version="1.0" encoding="UTF-8"?>
<!-- Generated by org.testng.reporters.JUnitReportReporter -->
<testsuite hostname="AS-40" failures="0" tests="4" name="automation.testcases.SignupPageTest" time="3.580" errors="0" timestamp="2023-05-10T22:03:45 AST" skipped="0">
  <testcase classname="automation.testcases.SignupPageTest" name="CreateRandomData" time="0.621"/>
  <system-out/>
  <testcase classname="automation.testcases.SignupPageTest" name="addname" time="0.160"/>
  <system-out/>
  <testcase classname="automation.testcases.SignupPageTest" name="addEmail" time="0.113"/>
  <system-out/>
  <testcase classname="automation.testcases.SignupPageTest" name="Click_signup_Button" time="2.686"/>
  <system-out/>
</testsuite> <!-- automation.testcases.SignupPageTest -->
