<?xml version="1.0" encoding="UTF-8"?>
<!-- Generated by org.testng.reporters.JUnitReportReporter -->
<testsuite hostname="AS-40" failures="0" tests="9" name="automation.testcases.RegisterTest" time="0.806" errors="0" timestamp="2023-05-11T14:31:02 AST" skipped="0">
  <testcase classname="automation.testcases.RegisterTest" name="validateTextisDisplayed" time="0.077"/>
  <system-out/>
  <testcase classname="automation.testcases.RegisterTest" name="selectTitle" time="0.124"/>
  <system-out/>
  <testcase classname="automation.testcases.RegisterTest" name="insertpassword" time="0.084"/>
  <system-out/>
  <testcase classname="automation.testcases.RegisterTest" name="selectDay" time="0.066"/>
  <system-out/>
  <testcase classname="automation.testcases.RegisterTest" name="selectMonth" time="0.078"/>
  <system-out/>
  <testcase classname="automation.testcases.RegisterTest" name="selectYear" time="0.100"/>
  <system-out/>
  <testcase classname="automation.testcases.RegisterTest" name="checkNewsletter" time="0.143"/>
  <system-out/>
  <testcase classname="automation.testcases.RegisterTest" name="checkOptin" time="0.123"/>
  <system-out/>
  <testcase classname="automation.testcases.RegisterTest" name="scrollAction" time="0.011"/>
  <system-out/>
</testsuite> <!-- automation.testcases.RegisterTest -->
