<?xml version="1.0" encoding="UTF-8"?>
<!-- Generated by org.testng.reporters.JUnitReportReporter -->
<testsuite hostname="AS-40" failures="0" tests="2" name="automation.testcases.ConfirmCreateadaccountTest" time="15.138" errors="0" timestamp="2023-05-11T20:11:39 AST" skipped="0">
  <testcase classname="automation.testcases.ConfirmCreateadaccountTest" name="VerifyTextisvisable" time="0.099"/>
  <system-out/>
  <testcase classname="automation.testcases.ConfirmCreateadaccountTest" name="Contiune" time="15.039"/>
  <system-out/>
</testsuite> <!-- automation.testcases.ConfirmCreateadaccountTest -->
