<?xml version="1.0" encoding="UTF-8"?>
<!-- Generated by org.testng.reporters.JUnitReportReporter -->
<testsuite hostname="AS-40" failures="0" tests="2" name="automation.testcases.ConfirmLoggedaccountTest" time="13.309" errors="0" timestamp="2023-05-10T22:03:45 AST" skipped="0">
  <testcase classname="automation.testcases.ConfirmLoggedaccountTest" name="VerifyTextisvisable" time="11.719"/>
  <system-out/>
  <testcase classname="automation.testcases.ConfirmLoggedaccountTest" name="Contiune" time="1.590"/>
  <system-out/>
</testsuite> <!-- automation.testcases.ConfirmLoggedaccountTest -->
