<?xml version="1.0" encoding="UTF-8"?>
<!-- Generated by org.testng.reporters.JUnitReportReporter -->
<testsuite hostname="AS-40" failures="0" tests="2" name="automation.testcases.HomePageTest" time="12.680" errors="0" timestamp="2023-05-10T22:03:45 AST" skipped="0">
  <testcase classname="automation.testcases.HomePageTest" name="setup" time="10.238"/>
  <system-out/>
  <testcase classname="automation.testcases.HomePageTest" name="clickSignup" time="2.442"/>
  <system-out/>
</testsuite> <!-- automation.testcases.HomePageTest -->
