<?xml version="1.0" encoding="UTF-8"?>
<!-- Generated by org.testng.reporters.JUnitReportReporter -->
<testsuite hostname="AS-40" failures="0" tests="11" name="automation.testcases.AddressDetailsTest" time="12.413" errors="0" timestamp="2023-05-11T20:11:39 AST" skipped="0">
  <testcase classname="automation.testcases.AddressDetailsTest" name="insertFirstname" time="0.082"/>
  <system-out/>
  <testcase classname="automation.testcases.AddressDetailsTest" name="insertLastname" time="0.079"/>
  <system-out/>
  <testcase classname="automation.testcases.AddressDetailsTest" name="insertCompany" time="0.093"/>
  <system-out/>
  <testcase classname="automation.testcases.AddressDetailsTest" name="insertprimaryAddress" time="0.077"/>
  <system-out/>
  <testcase classname="automation.testcases.AddressDetailsTest" name="insertSecondaryAddress" time="0.089"/>
  <system-out/>
  <testcase classname="automation.testcases.AddressDetailsTest" name="insertCounrty" time="0.039"/>
  <system-out/>
  <testcase classname="automation.testcases.AddressDetailsTest" name="insertState" time="0.085"/>
  <system-out/>
  <testcase classname="automation.testcases.AddressDetailsTest" name="insertCity" time="0.089"/>
  <system-out/>
  <testcase classname="automation.testcases.AddressDetailsTest" name="insertZipcode" time="0.085"/>
  <system-out/>
  <testcase classname="automation.testcases.AddressDetailsTest" name="insertMobile_Number" time="0.083"/>
  <system-out/>
  <testcase classname="automation.testcases.AddressDetailsTest" name="CreateAccount" time="11.612"/>
  <system-out/>
</testsuite> <!-- automation.testcases.AddressDetailsTest -->
